mode: count
github.com/ybgr111/auth/internal/api/user/create.go:10.101,16.16 2 10
github.com/ybgr111/auth/internal/api/user/create.go:16.16,18.3 1 5
github.com/ybgr111/auth/internal/api/user/create.go:20.2,22.8 1 5
github.com/ybgr111/auth/internal/api/user/delete.go:10.93,12.16 2 10
github.com/ybgr111/auth/internal/api/user/delete.go:12.16,14.3 1 5
github.com/ybgr111/auth/internal/api/user/delete.go:16.2,16.28 1 5
github.com/ybgr111/auth/internal/api/user/get.go:10.92,12.16 2 10
github.com/ybgr111/auth/internal/api/user/get.go:12.16,14.3 1 5
github.com/ybgr111/auth/internal/api/user/get.go:16.2,18.8 1 5
github.com/ybgr111/auth/internal/api/user/server.go:13.57,17.2 1 40
github.com/ybgr111/auth/internal/api/user/update.go:11.93,16.16 2 10
github.com/ybgr111/auth/internal/api/user/update.go:16.16,18.3 1 5
github.com/ybgr111/auth/internal/api/user/update.go:20.2,20.28 1 5
github.com/ybgr111/auth/internal/service/user/create.go:12.119,13.59 1 20
github.com/ybgr111/auth/internal/service/user/create.go:13.59,15.3 1 5
github.com/ybgr111/auth/internal/service/user/create.go:17.2,18.72 2 15
github.com/ybgr111/auth/internal/service/user/create.go:18.72,21.19 3 15
github.com/ybgr111/auth/internal/service/user/create.go:21.19,23.4 1 5
github.com/ybgr111/auth/internal/service/user/create.go:25.3,26.19 2 10
github.com/ybgr111/auth/internal/service/user/create.go:26.19,28.4 1 5
github.com/ybgr111/auth/internal/service/user/create.go:30.3,30.13 1 5
github.com/ybgr111/auth/internal/service/user/create.go:33.2,33.16 1 15
github.com/ybgr111/auth/internal/service/user/create.go:33.16,35.3 1 10
github.com/ybgr111/auth/internal/service/user/create.go:37.2,37.16 1 5
github.com/ybgr111/auth/internal/service/user/delete.go:9.60,10.72 1 15
github.com/ybgr111/auth/internal/service/user/delete.go:10.72,12.19 2 15
github.com/ybgr111/auth/internal/service/user/delete.go:12.19,14.4 1 5
github.com/ybgr111/auth/internal/service/user/delete.go:16.3,17.19 2 10
github.com/ybgr111/auth/internal/service/user/delete.go:17.19,19.4 1 5
github.com/ybgr111/auth/internal/service/user/delete.go:21.3,21.13 1 5
github.com/ybgr111/auth/internal/service/user/delete.go:24.2,24.16 1 15
github.com/ybgr111/auth/internal/service/user/delete.go:24.16,26.3 1 10
github.com/ybgr111/auth/internal/service/user/delete.go:28.2,28.12 1 5
github.com/ybgr111/auth/internal/service/user/get.go:10.78,13.72 2 15
github.com/ybgr111/auth/internal/service/user/get.go:13.72,16.19 3 15
github.com/ybgr111/auth/internal/service/user/get.go:16.19,18.4 1 5
github.com/ybgr111/auth/internal/service/user/get.go:20.3,21.19 2 10
github.com/ybgr111/auth/internal/service/user/get.go:21.19,23.4 1 5
github.com/ybgr111/auth/internal/service/user/get.go:25.3,25.13 1 5
github.com/ybgr111/auth/internal/service/user/get.go:28.2,28.16 1 15
github.com/ybgr111/auth/internal/service/user/get.go:28.16,30.3 1 10
github.com/ybgr111/auth/internal/service/user/get.go:32.2,32.18 1 5
github.com/ybgr111/auth/internal/service/user/service.go:19.23,25.2 1 65
github.com/ybgr111/auth/internal/service/user/update.go:11.86,12.72 1 15
github.com/ybgr111/auth/internal/service/user/update.go:12.72,14.19 2 15
github.com/ybgr111/auth/internal/service/user/update.go:14.19,16.4 1 5
github.com/ybgr111/auth/internal/service/user/update.go:18.3,19.19 2 10
github.com/ybgr111/auth/internal/service/user/update.go:19.19,21.4 1 5
github.com/ybgr111/auth/internal/service/user/update.go:23.3,23.13 1 5
github.com/ybgr111/auth/internal/service/user/update.go:26.2,26.16 1 15
github.com/ybgr111/auth/internal/service/user/update.go:26.16,28.3 1 10
github.com/ybgr111/auth/internal/service/user/update.go:30.2,30.12 1 5
